Test project /home/rabartl/PROJECTS/Trilinos.base/BUILDS/SERIAL_RELEASE
      Start  1: Tpetra_DefaultPlatform_test
 1/12 Test  #1: Tpetra_DefaultPlatform_test ......   Passed    0.00 sec
      Start  2: Tpetra_Platform_UnitTests
 2/12 Test  #2: Tpetra_Platform_UnitTests ........   Passed    0.00 sec
      Start  3: Tpetra_Map_UnitTests
 3/12 Test  #3: Tpetra_Map_UnitTests .............   Passed    0.01 sec
      Start  4: Tpetra_Distributor_UnitTests
 4/12 Test  #4: Tpetra_Distributor_UnitTests .....   Passed    0.01 sec
      Start  5: Tpetra_Directory_UnitTests
 5/12 Test  #5: Tpetra_Directory_UnitTests .......   Passed    0.01 sec
      Start  6: Tpetra_ImportExport_UnitTests
 6/12 Test  #6: Tpetra_ImportExport_UnitTests ....   Passed    0.01 sec
      Start  7: Tpetra_ImportExport2_UnitTests
 7/12 Test  #7: Tpetra_ImportExport2_UnitTests ...   Passed    0.00 sec
      Start  8: Tpetra_MultiVector_UnitTests
 8/12 Test  #8: Tpetra_MultiVector_UnitTests .....   Passed    0.06 sec
      Start  9: Tpetra_TpetraUtils_UnitTests
 9/12 Test  #9: Tpetra_TpetraUtils_UnitTests .....   Passed    0.01 sec
      Start 10: Tpetra_CrsGraph_UnitTests
10/12 Test #10: Tpetra_CrsGraph_UnitTests ........   Passed    0.01 sec
      Start 11: Tpetra_CrsMatrix_UnitTests
11/12 Test #11: Tpetra_CrsMatrix_UnitTests .......   Passed    0.01 sec
      Start 12: Tpetra_PowerMethodExample
12/12 Test #12: Tpetra_PowerMethodExample ........   Passed    0.03 sec

100% tests passed, 0 tests failed out of 12

Label Time Summary:
Tpetra    =   0.16 sec

Total Test time (real) =   0.18 sec
